  App.cpp
  MainWindow.cpp
  Generating Code...
wxbase32ud.lib(object.obj) : warning LNK4099: PDB '' was not found with 'wxbase32ud.lib(object.obj)' or at ''; linking object as if no debug info
wxbase32ud.lib(event.obj) : warning LNK4099: PDB '' was not found with 'wxbase32ud.lib(event.obj)' or at ''; linking object as if no debug info
wxbase32ud.lib(appbase.obj) : warning LNK4099: PDB '' was not found with 'wxbase32ud.lib(appbase.obj)' or at ''; linking object as if no debug info
wxbase32ud.lib(string.obj) : warning LNK4099: PDB '' was not found with 'wxbase32ud.lib(string.obj)' or at ''; linking object as if no debug info
wxbase32ud.lib(strconv.obj) : warning LNK4099: PDB '' was not found with 'wxbase32ud.lib(strconv.obj)' or at ''; linking object as if no debug info
wxbase32ud.lib(strvararg.obj) : warning LNK4099: PDB '' was not found with 'wxbase32ud.lib(strvararg.obj)' or at ''; linking object as if no debug info
wxbase32ud.lib(hash.obj) : warning LNK4099: PDB '' was not found with 'wxbase32ud.lib(hash.obj)' or at ''; linking object as if no debug info
wxbase32ud.lib(dummy.obj) : warning LNK4099: PDB '' was not found with 'wxbase32ud.lib(dummy.obj)' or at ''; linking object as if no debug info
wxbase32ud.lib(hashmap.obj) : warning LNK4099: PDB '' was not found with 'wxbase32ud.lib(hashmap.obj)' or at ''; linking object as if no debug info
wxbase32ud.lib(time.obj) : warning LNK4099: PDB '' was not found with 'wxbase32ud.lib(time.obj)' or at ''; linking object as if no debug info
wxbase32ud.lib(thread.obj) : warning LNK4099: PDB '' was not found with 'wxbase32ud.lib(thread.obj)' or at ''; linking object as if no debug info
wxbase32ud.lib(log.obj) : warning LNK4099: PDB '' was not found with 'wxbase32ud.lib(log.obj)' or at ''; linking object as if no debug info
wxbase32ud.lib(list.obj) : warning LNK4099: PDB '' was not found with 'wxbase32ud.lib(list.obj)' or at ''; linking object as if no debug info
wxbase32ud.lib(any.obj) : warning LNK4099: PDB '' was not found with 'wxbase32ud.lib(any.obj)' or at ''; linking object as if no debug info
wxbase32ud.lib(evtloopcmn.obj) : warning LNK4099: PDB '' was not found with 'wxbase32ud.lib(evtloopcmn.obj)' or at ''; linking object as if no debug info
wxbase32ud.lib(stringops.obj) : warning LNK4099: PDB '' was not found with 'wxbase32ud.lib(stringops.obj)' or at ''; linking object as if no debug info
wxbase32ud.lib(arrstr.obj) : warning LNK4099: PDB '' was not found with 'wxbase32ud.lib(arrstr.obj)' or at ''; linking object as if no debug info
wxbase32ud.lib(wxcrt.obj) : warning LNK4099: PDB '' was not found with 'wxbase32ud.lib(wxcrt.obj)' or at ''; linking object as if no debug info
wxbase32ud.lib(msgout.obj) : warning LNK4099: PDB '' was not found with 'wxbase32ud.lib(msgout.obj)' or at ''; linking object as if no debug info
wxbase32ud.lib(utils.obj) : warning LNK4099: PDB '' was not found with 'wxbase32ud.lib(utils.obj)' or at ''; linking object as if no debug info
wxbase32ud.lib(config.obj) : warning LNK4099: PDB '' was not found with 'wxbase32ud.lib(config.obj)' or at ''; linking object as if no debug info
wxbase32ud.lib(stdpbase.obj) : warning LNK4099: PDB '' was not found with 'wxbase32ud.lib(stdpbase.obj)' or at ''; linking object as if no debug info
wxbase32ud.lib(basemsw.obj) : warning LNK4099: PDB '' was not found with 'wxbase32ud.lib(basemsw.obj)' or at ''; linking object as if no debug info
wxbase32ud.lib(cmdline.obj) : warning LNK4099: PDB '' was not found with 'wxbase32ud.lib(cmdline.obj)' or at ''; linking object as if no debug info
wxbase32ud.lib(filename.obj) : warning LNK4099: PDB '' was not found with 'wxbase32ud.lib(filename.obj)' or at ''; linking object as if no debug info
wxbase32ud.lib(sysopt.obj) : warning LNK4099: PDB '' was not found with 'wxbase32ud.lib(sysopt.obj)' or at ''; linking object as if no debug info
wxbase32ud.lib(tokenzr.obj) : warning LNK4099: PDB '' was not found with 'wxbase32ud.lib(tokenzr.obj)' or at ''; linking object as if no debug info
wxbase32ud.lib(fmapbase.obj) : warning LNK4099: PDB '' was not found with 'wxbase32ud.lib(fmapbase.obj)' or at ''; linking object as if no debug info
wxbase32ud.lib(stackwalk.obj) : warning LNK4099: PDB '' was not found with 'wxbase32ud.lib(stackwalk.obj)' or at ''; linking object as if no debug info
wxbase32ud.lib(stringimpl.obj) : warning LNK4099: PDB '' was not found with 'wxbase32ud.lib(stringimpl.obj)' or at ''; linking object as if no debug info
wxbase32ud.lib(unichar.obj) : warning LNK4099: PDB '' was not found with 'wxbase32ud.lib(unichar.obj)' or at ''; linking object as if no debug info
wxbase32ud.lib(common_uilocale.obj) : warning LNK4099: PDB '' was not found with 'wxbase32ud.lib(common_uilocale.obj)' or at ''; linking object as if no debug info
wxbase32ud.lib(xlocale.obj) : warning LNK4099: PDB '' was not found with 'wxbase32ud.lib(xlocale.obj)' or at ''; linking object as if no debug info
wxbase32ud.lib(intl.obj) : warning LNK4099: PDB '' was not found with 'wxbase32ud.lib(intl.obj)' or at ''; linking object as if no debug info
wxbase32ud.lib(encconv.obj) : warning LNK4099: PDB '' was not found with 'wxbase32ud.lib(encconv.obj)' or at ''; linking object as if no debug info
wxbase32ud.lib(translation.obj) : warning LNK4099: PDB '' was not found with 'wxbase32ud.lib(translation.obj)' or at ''; linking object as if no debug info
wxbase32ud.lib(module.obj) : warning LNK4099: PDB '' was not found with 'wxbase32ud.lib(module.obj)' or at ''; linking object as if no debug info
wxbase32ud.lib(main.obj) : warning LNK4099: PDB '' was not found with 'wxbase32ud.lib(main.obj)' or at ''; linking object as if no debug info
wxbase32ud.lib(dynlib.obj) : warning LNK4099: PDB '' was not found with 'wxbase32ud.lib(dynlib.obj)' or at ''; linking object as if no debug info
wxbase32ud.lib(dlmsw.obj) : warning LNK4099: PDB '' was not found with 'wxbase32ud.lib(dlmsw.obj)' or at ''; linking object as if no debug info
wxbase32ud.lib(threadinfo.obj) : warning LNK4099: PDB '' was not found with 'wxbase32ud.lib(threadinfo.obj)' or at ''; linking object as if no debug info
wxbase32ud.lib(datetime.obj) : warning LNK4099: PDB '' was not found with 'wxbase32ud.lib(datetime.obj)' or at ''; linking object as if no debug info
wxbase32ud.lib(datetimefmt.obj) : warning LNK4099: PDB '' was not found with 'wxbase32ud.lib(datetimefmt.obj)' or at ''; linking object as if no debug info
wxbase32ud.lib(longlong.obj) : warning LNK4099: PDB '' was not found with 'wxbase32ud.lib(longlong.obj)' or at ''; linking object as if no debug info
wxbase32ud.lib(variant.obj) : warning LNK4099: PDB '' was not found with 'wxbase32ud.lib(variant.obj)' or at ''; linking object as if no debug info
wxbase32ud.lib(utilsexc.obj) : warning LNK4099: PDB '' was not found with 'wxbase32ud.lib(utilsexc.obj)' or at ''; linking object as if no debug info
wxbase32ud.lib(utilscmn.obj) : warning LNK4099: PDB '' was not found with 'wxbase32ud.lib(utilscmn.obj)' or at ''; linking object as if no debug info
wxbase32ud.lib(regconf.obj) : warning LNK4099: PDB '' was not found with 'wxbase32ud.lib(regconf.obj)' or at ''; linking object as if no debug info
wxbase32ud.lib(filefn.obj) : warning LNK4099: PDB '' was not found with 'wxbase32ud.lib(filefn.obj)' or at ''; linking object as if no debug info
wxbase32ud.lib(stdpaths.obj) : warning LNK4099: PDB '' was not found with 'wxbase32ud.lib(stdpaths.obj)' or at ''; linking object as if no debug info
wxbase32ud.lib(evtloopconsole.obj) : warning LNK4099: PDB '' was not found with 'wxbase32ud.lib(evtloopconsole.obj)' or at ''; linking object as if no debug info
wxbase32ud.lib(timerimpl.obj) : warning LNK4099: PDB '' was not found with 'wxbase32ud.lib(timerimpl.obj)' or at ''; linking object as if no debug info
wxbase32ud.lib(timer.obj) : warning LNK4099: PDB '' was not found with 'wxbase32ud.lib(timer.obj)' or at ''; linking object as if no debug info
wxbase32ud.lib(file.obj) : warning LNK4099: PDB '' was not found with 'wxbase32ud.lib(file.obj)' or at ''; linking object as if no debug info
wxbase32ud.lib(ffile.obj) : warning LNK4099: PDB '' was not found with 'wxbase32ud.lib(ffile.obj)' or at ''; linking object as if no debug info
wxbase32ud.lib(dir.obj) : warning LNK4099: PDB '' was not found with 'wxbase32ud.lib(dir.obj)' or at ''; linking object as if no debug info
wxbase32ud.lib(uri.obj) : warning LNK4099: PDB '' was not found with 'wxbase32ud.lib(uri.obj)' or at ''; linking object as if no debug info
wxbase32ud.lib(convauto.obj) : warning LNK4099: PDB '' was not found with 'wxbase32ud.lib(convauto.obj)' or at ''; linking object as if no debug info
wxbase32ud.lib(fileconf.obj) : warning LNK4099: PDB '' was not found with 'wxbase32ud.lib(fileconf.obj)' or at ''; linking object as if no debug info
wxbase32ud.lib(debughlp.obj) : warning LNK4099: PDB '' was not found with 'wxbase32ud.lib(debughlp.obj)' or at ''; linking object as if no debug info
wxbase32ud.lib(msw_uilocale.obj) : warning LNK4099: PDB '' was not found with 'wxbase32ud.lib(msw_uilocale.obj)' or at ''; linking object as if no debug info
wxbase32ud.lib(languageinfo.obj) : warning LNK4099: PDB '' was not found with 'wxbase32ud.lib(languageinfo.obj)' or at ''; linking object as if no debug info
wxbase32ud.lib(crashrpt.obj) : warning LNK4099: PDB '' was not found with 'wxbase32ud.lib(crashrpt.obj)' or at ''; linking object as if no debug info
wxbase32ud.lib(init.obj) : warning LNK4099: PDB '' was not found with 'wxbase32ud.lib(init.obj)' or at ''; linking object as if no debug info
wxbase32ud.lib(platinfo.obj) : warning LNK4099: PDB '' was not found with 'wxbase32ud.lib(platinfo.obj)' or at ''; linking object as if no debug info
wxbase32ud.lib(registry.obj) : warning LNK4099: PDB '' was not found with 'wxbase32ud.lib(registry.obj)' or at ''; linking object as if no debug info
wxbase32ud.lib(txtstrm.obj) : warning LNK4099: PDB '' was not found with 'wxbase32ud.lib(txtstrm.obj)' or at ''; linking object as if no debug info
wxbase32ud.lib(stream.obj) : warning LNK4099: PDB '' was not found with 'wxbase32ud.lib(stream.obj)' or at ''; linking object as if no debug info
wxbase32ud.lib(process.obj) : warning LNK4099: PDB '' was not found with 'wxbase32ud.lib(process.obj)' or at ''; linking object as if no debug info
wxbase32ud.lib(dde.obj) : warning LNK4099: PDB '' was not found with 'wxbase32ud.lib(dde.obj)' or at ''; linking object as if no debug info
wxbase32ud.lib(timercmn.obj) : warning LNK4099: PDB '' was not found with 'wxbase32ud.lib(timercmn.obj)' or at ''; linking object as if no debug info
wxbase32ud.lib(textbuf.obj) : warning LNK4099: PDB '' was not found with 'wxbase32ud.lib(textbuf.obj)' or at ''; linking object as if no debug info
wxbase32ud.lib(textfile.obj) : warning LNK4099: PDB '' was not found with 'wxbase32ud.lib(textfile.obj)' or at ''; linking object as if no debug info
wxbase32ud.lib(base64.obj) : warning LNK4099: PDB '' was not found with 'wxbase32ud.lib(base64.obj)' or at ''; linking object as if no debug info
wxbase32ud.lib(wfstream.obj) : warning LNK4099: PDB '' was not found with 'wxbase32ud.lib(wfstream.obj)' or at ''; linking object as if no debug info
wxbase32ud.lib(ipcbase.obj) : warning LNK4099: PDB '' was not found with 'wxbase32ud.lib(ipcbase.obj)' or at ''; linking object as if no debug info
wxmsw32ud_core.lib(main.obj) : warning LNK4099: PDB '' was not found with 'wxmsw32ud_core.lib(main.obj)' or at ''; linking object as if no debug info
wxmsw32ud_core.lib(appcmn.obj) : warning LNK4099: PDB '' was not found with 'wxmsw32ud_core.lib(appcmn.obj)' or at ''; linking object as if no debug info
wxmsw32ud_core.lib(app.obj) : warning LNK4099: PDB '' was not found with 'wxmsw32ud_core.lib(app.obj)' or at ''; linking object as if no debug info
wxmsw32ud_core.lib(wincmn.obj) : warning LNK4099: PDB '' was not found with 'wxmsw32ud_core.lib(wincmn.obj)' or at ''; linking object as if no debug info
wxmsw32ud_core.lib(window.obj) : warning LNK4099: PDB '' was not found with 'wxmsw32ud_core.lib(window.obj)' or at ''; linking object as if no debug info
wxmsw32ud_core.lib(nativdlg.obj) : warning LNK4099: PDB '' was not found with 'wxmsw32ud_core.lib(nativdlg.obj)' or at ''; linking object as if no debug info
wxmsw32ud_core.lib(nonownedwnd.obj) : warning LNK4099: PDB '' was not found with 'wxmsw32ud_core.lib(nonownedwnd.obj)' or at ''; linking object as if no debug info
wxmsw32ud_core.lib(toplvcmn.obj) : warning LNK4099: PDB '' was not found with 'wxmsw32ud_core.lib(toplvcmn.obj)' or at ''; linking object as if no debug info
wxmsw32ud_core.lib(toplevel.obj) : warning LNK4099: PDB '' was not found with 'wxmsw32ud_core.lib(toplevel.obj)' or at ''; linking object as if no debug info
wxmsw32ud_core.lib(framecmn.obj) : warning LNK4099: PDB '' was not found with 'wxmsw32ud_core.lib(framecmn.obj)' or at ''; linking object as if no debug info
wxmsw32ud_core.lib(frame.obj) : warning LNK4099: PDB '' was not found with 'wxmsw32ud_core.lib(frame.obj)' or at ''; linking object as if no debug info
wxmsw32ud_core.lib(gdicmn.obj) : warning LNK4099: PDB '' was not found with 'wxmsw32ud_core.lib(gdicmn.obj)' or at ''; linking object as if no debug info
wxmsw32ud_core.lib(dummy.obj) : warning LNK4099: PDB '' was not found with 'wxmsw32ud_core.lib(dummy.obj)' or at ''; linking object as if no debug info
wxmsw32ud_core.lib(logg.obj) : warning LNK4099: PDB '' was not found with 'wxmsw32ud_core.lib(logg.obj)' or at ''; linking object as if no debug info
wxmsw32ud_core.lib(gdiimage.obj) : warning LNK4099: PDB '' was not found with 'wxmsw32ud_core.lib(gdiimage.obj)' or at ''; linking object as if no debug info
wxmsw32ud_core.lib(utilscmn.obj) : warning LNK4099: PDB '' was not found with 'wxmsw32ud_core.lib(utilscmn.obj)' or at ''; linking object as if no debug info
wxmsw32ud_core.lib(event.obj) : warning LNK4099: PDB '' was not found with 'wxmsw32ud_core.lib(event.obj)' or at ''; linking object as if no debug info
wxmsw32ud_core.lib(containr.obj) : warning LNK4099: PDB '' was not found with 'wxmsw32ud_core.lib(containr.obj)' or at ''; linking object as if no debug info
wxmsw32ud_core.lib(dlgcmn.obj) : warning LNK4099: PDB '' was not found with 'wxmsw32ud_core.lib(dlgcmn.obj)' or at ''; linking object as if no debug info
wxmsw32ud_core.lib(msw_dialog.obj) : warning LNK4099: PDB '' was not found with 'wxmsw32ud_core.lib(msw_dialog.obj)' or at ''; linking object as if no debug info
wxmsw32ud_core.lib(stockitem.obj) : warning LNK4099: PDB '' was not found with 'wxmsw32ud_core.lib(stockitem.obj)' or at ''; linking object as if no debug info
wxmsw32ud_core.lib(msgdlgg.obj) : warning LNK4099: PDB '' was not found with 'wxmsw32ud_core.lib(msgdlgg.obj)' or at ''; linking object as if no debug info
wxmsw32ud_core.lib(richmsgdlgg.obj) : warning LNK4099: PDB '' was not found with 'wxmsw32ud_core.lib(richmsgdlgg.obj)' or at ''; linking object as if no debug info
wxmsw32ud_core.lib(richmsgdlg.obj) : warning LNK4099: PDB '' was not found with 'wxmsw32ud_core.lib(richmsgdlg.obj)' or at ''; linking object as if no debug info
wxmsw32ud_core.lib(fontmap.obj) : warning LNK4099: PDB '' was not found with 'wxmsw32ud_core.lib(fontmap.obj)' or at ''; linking object as if no debug info
wxmsw32ud_core.lib(utilsgui.obj) : warning LNK4099: PDB '' was not found with 'wxmsw32ud_core.lib(utilsgui.obj)' or at ''; linking object as if no debug info
wxmsw32ud_core.lib(evtloop.obj) : warning LNK4099: PDB '' was not found with 'wxmsw32ud_core.lib(evtloop.obj)' or at ''; linking object as if no debug info
wxmsw32ud_core.lib(dc.obj) : warning LNK4099: PDB '' was not found with 'wxmsw32ud_core.lib(dc.obj)' or at ''; linking object as if no debug info
wxmsw32ud_core.lib(cursor.obj) : warning LNK4099: PDB '' was not found with 'wxmsw32ud_core.lib(cursor.obj)' or at ''; linking object as if no debug info
wxmsw32ud_core.lib(fontcmn.obj) : warning LNK4099: PDB '' was not found with 'wxmsw32ud_core.lib(fontcmn.obj)' or at ''; linking object as if no debug info
wxmsw32ud_core.lib(font.obj) : warning LNK4099: PDB '' was not found with 'wxmsw32ud_core.lib(font.obj)' or at ''; linking object as if no debug info
wxmsw32ud_core.lib(colourcmn.obj) : warning LNK4099: PDB '' was not found with 'wxmsw32ud_core.lib(colourcmn.obj)' or at ''; linking object as if no debug info
wxmsw32ud_core.lib(colour.obj) : warning LNK4099: PDB '' was not found with 'wxmsw32ud_core.lib(colour.obj)' or at ''; linking object as if no debug info
wxmsw32ud_core.lib(rgncmn.obj) : warning LNK4099: PDB '' was not found with 'wxmsw32ud_core.lib(rgncmn.obj)' or at ''; linking object as if no debug info
wxmsw32ud_core.lib(region.obj) : warning LNK4099: PDB '' was not found with 'wxmsw32ud_core.lib(region.obj)' or at ''; linking object as if no debug info
wxmsw32ud_core.lib(windowid.obj) : warning LNK4099: PDB '' was not found with 'wxmsw32ud_core.lib(windowid.obj)' or at ''; linking object as if no debug info
wxmsw32ud_core.lib(palette.obj) : warning LNK4099: PDB '' was not found with 'wxmsw32ud_core.lib(palette.obj)' or at ''; linking object as if no debug info
wxmsw32ud_core.lib(msw_accel.obj) : warning LNK4099: PDB '' was not found with 'wxmsw32ud_core.lib(msw_accel.obj)' or at ''; linking object as if no debug info
wxmsw32ud_core.lib(settings.obj) : warning LNK4099: PDB '' was not found with 'wxmsw32ud_core.lib(settings.obj)' or at ''; linking object as if no debug info
wxmsw32ud_core.lib(tooltip.obj) : warning LNK4099: PDB '' was not found with 'wxmsw32ud_core.lib(tooltip.obj)' or at ''; linking object as if no debug info
wxmsw32ud_core.lib(brush.obj) : warning LNK4099: PDB '' was not found with 'wxmsw32ud_core.lib(brush.obj)' or at ''; linking object as if no debug info
wxmsw32ud_core.lib(dcbase.obj) : warning LNK4099: PDB '' was not found with 'wxmsw32ud_core.lib(dcbase.obj)' or at ''; linking object as if no debug info
wxmsw32ud_core.lib(layout.obj) : warning LNK4099: PDB '' was not found with 'wxmsw32ud_core.lib(layout.obj)' or at ''; linking object as if no debug info
wxmsw32ud_core.lib(sizer.obj) : warning LNK4099: PDB '' was not found with 'wxmsw32ud_core.lib(sizer.obj)' or at ''; linking object as if no debug info
wxmsw32ud_core.lib(dpycmn.obj) : warning LNK4099: PDB '' was not found with 'wxmsw32ud_core.lib(dpycmn.obj)' or at ''; linking object as if no debug info
wxmsw32ud_core.lib(msw_control.obj) : warning LNK4099: PDB '' was not found with 'wxmsw32ud_core.lib(msw_control.obj)' or at ''; linking object as if no debug info
wxmsw32ud_core.lib(statbar.obj) : warning LNK4099: PDB '' was not found with 'wxmsw32ud_core.lib(statbar.obj)' or at ''; linking object as if no debug info
wxmsw32ud_core.lib(btncmn.obj) : warning LNK4099: PDB '' was not found with 'wxmsw32ud_core.lib(btncmn.obj)' or at ''; linking object as if no debug info
wxmsw32ud_core.lib(msw_toolbar.obj) : warning LNK4099: PDB '' was not found with 'wxmsw32ud_core.lib(msw_toolbar.obj)' or at ''; linking object as if no debug info
wxmsw32ud_core.lib(cshelp.obj) : warning LNK4099: PDB '' was not found with 'wxmsw32ud_core.lib(cshelp.obj)' or at ''; linking object as if no debug info
wxmsw32ud_core.lib(bitmap.obj) : warning LNK4099: PDB '' was not found with 'wxmsw32ud_core.lib(bitmap.obj)' or at ''; linking object as if no debug info
wxmsw32ud_core.lib(menucmn.obj) : warning LNK4099: PDB '' was not found with 'wxmsw32ud_core.lib(menucmn.obj)' or at ''; linking object as if no debug info
wxmsw32ud_core.lib(msw_menu.obj) : warning LNK4099: PDB '' was not found with 'wxmsw32ud_core.lib(msw_menu.obj)' or at ''; linking object as if no debug info
wxmsw32ud_core.lib(msw_radiobox.obj) : warning LNK4099: PDB '' was not found with 'wxmsw32ud_core.lib(msw_radiobox.obj)' or at ''; linking object as if no debug info
wxmsw32ud_core.lib(droptgt.obj) : warning LNK4099: PDB '' was not found with 'wxmsw32ud_core.lib(droptgt.obj)' or at ''; linking object as if no debug info
wxmsw32ud_core.lib(dcclient.obj) : warning LNK4099: PDB '' was not found with 'wxmsw32ud_core.lib(dcclient.obj)' or at ''; linking object as if no debug info
wxmsw32ud_core.lib(textmeasurecmn.obj) : warning LNK4099: PDB '' was not found with 'wxmsw32ud_core.lib(textmeasurecmn.obj)' or at ''; linking object as if no debug info
wxmsw32ud_core.lib(msw_textmeasure.obj) : warning LNK4099: PDB '' was not found with 'wxmsw32ud_core.lib(msw_textmeasure.obj)' or at ''; linking object as if no debug info
wxmsw32ud_core.lib(spinctrl.obj) : warning LNK4099: PDB '' was not found with 'wxmsw32ud_core.lib(spinctrl.obj)' or at ''; linking object as if no debug info
wxmsw32ud_core.lib(uxtheme.obj) : warning LNK4099: PDB '' was not found with 'wxmsw32ud_core.lib(uxtheme.obj)' or at ''; linking object as if no debug info
wxmsw32ud_core.lib(validate.obj) : warning LNK4099: PDB '' was not found with 'wxmsw32ud_core.lib(validate.obj)' or at ''; linking object as if no debug info
wxmsw32ud_core.lib(statboxcmn.obj) : warning LNK4099: PDB '' was not found with 'wxmsw32ud_core.lib(statboxcmn.obj)' or at ''; linking object as if no debug info
wxmsw32ud_core.lib(popupwin.obj) : warning LNK4099: PDB '' was not found with 'wxmsw32ud_core.lib(popupwin.obj)' or at ''; linking object as if no debug info
wxmsw32ud_core.lib(icon.obj) : warning LNK4099: PDB '' was not found with 'wxmsw32ud_core.lib(icon.obj)' or at ''; linking object as if no debug info
wxmsw32ud_core.lib(ctrlcmn.obj) : warning LNK4099: PDB '' was not found with 'wxmsw32ud_core.lib(ctrlcmn.obj)' or at ''; linking object as if no debug info
wxmsw32ud_core.lib(bmpbndl.obj) : warning LNK4099: PDB '' was not found with 'wxmsw32ud_core.lib(bmpbndl.obj)' or at ''; linking object as if no debug info
wxmsw32ud_core.lib(anybutton.obj) : warning LNK4099: PDB '' was not found with 'wxmsw32ud_core.lib(anybutton.obj)' or at ''; linking object as if no debug info
wxmsw32ud_core.lib(msw_button.obj) : warning LNK4099: PDB '' was not found with 'wxmsw32ud_core.lib(msw_button.obj)' or at ''; linking object as if no debug info
wxmsw32ud_core.lib(ctrlsub.obj) : warning LNK4099: PDB '' was not found with 'wxmsw32ud_core.lib(ctrlsub.obj)' or at ''; linking object as if no debug info
wxmsw32ud_core.lib(bmpbtncmn.obj) : warning LNK4099: PDB '' was not found with 'wxmsw32ud_core.lib(bmpbtncmn.obj)' or at ''; linking object as if no debug info
wxmsw32ud_core.lib(msw_checkbox.obj) : warning LNK4099: PDB '' was not found with 'wxmsw32ud_core.lib(msw_checkbox.obj)' or at ''; linking object as if no debug info
wxmsw32ud_core.lib(checkboxcmn.obj) : warning LNK4099: PDB '' was not found with 'wxmsw32ud_core.lib(checkboxcmn.obj)' or at ''; linking object as if no debug info
wxmsw32ud_core.lib(lboxcmn.obj) : warning LNK4099: PDB '' was not found with 'wxmsw32ud_core.lib(lboxcmn.obj)' or at ''; linking object as if no debug info
wxmsw32ud_core.lib(msw_listbox.obj) : warning LNK4099: PDB '' was not found with 'wxmsw32ud_core.lib(msw_listbox.obj)' or at ''; linking object as if no debug info
wxmsw32ud_core.lib(choiccmn.obj) : warning LNK4099: PDB '' was not found with 'wxmsw32ud_core.lib(choiccmn.obj)' or at ''; linking object as if no debug info
wxmsw32ud_core.lib(msw_choice.obj) : warning LNK4099: PDB '' was not found with 'wxmsw32ud_core.lib(msw_choice.obj)' or at ''; linking object as if no debug info
wxmsw32ud_core.lib(msw_scrolbar.obj) : warning LNK4099: PDB '' was not found with 'wxmsw32ud_core.lib(msw_scrolbar.obj)' or at ''; linking object as if no debug info
wxmsw32ud_core.lib(scrolbarcmn.obj) : warning LNK4099: PDB '' was not found with 'wxmsw32ud_core.lib(scrolbarcmn.obj)' or at ''; linking object as if no debug info
wxmsw32ud_core.lib(stattextcmn.obj) : warning LNK4099: PDB '' was not found with 'wxmsw32ud_core.lib(stattextcmn.obj)' or at ''; linking object as if no debug info
wxmsw32ud_core.lib(msw_stattext.obj) : warning LNK4099: PDB '' was not found with 'wxmsw32ud_core.lib(msw_stattext.obj)' or at ''; linking object as if no debug info
wxmsw32ud_core.lib(statbmpcmn.obj) : warning LNK4099: PDB '' was not found with 'wxmsw32ud_core.lib(statbmpcmn.obj)' or at ''; linking object as if no debug info
wxmsw32ud_core.lib(msw_statbmp.obj) : warning LNK4099: PDB '' was not found with 'wxmsw32ud_core.lib(msw_statbmp.obj)' or at ''; linking object as if no debug info
wxmsw32ud_core.lib(msw_statbox.obj) : warning LNK4099: PDB '' was not found with 'wxmsw32ud_core.lib(msw_statbox.obj)' or at ''; linking object as if no debug info
wxmsw32ud_core.lib(msw_radiobut.obj) : warning LNK4099: PDB '' was not found with 'wxmsw32ud_core.lib(msw_radiobut.obj)' or at ''; linking object as if no debug info
wxmsw32ud_core.lib(radiobtncmn.obj) : warning LNK4099: PDB '' was not found with 'wxmsw32ud_core.lib(radiobtncmn.obj)' or at ''; linking object as if no debug info
wxmsw32ud_core.lib(textentrycmn.obj) : warning LNK4099: PDB '' was not found with 'wxmsw32ud_core.lib(textentrycmn.obj)' or at ''; linking object as if no debug info
wxmsw32ud_core.lib(textentry.obj) : warning LNK4099: PDB '' was not found with 'wxmsw32ud_core.lib(textentry.obj)' or at ''; linking object as if no debug info
wxmsw32ud_core.lib(textcmn.obj) : warning LNK4099: PDB '' was not found with 'wxmsw32ud_core.lib(textcmn.obj)' or at ''; linking object as if no debug info
wxmsw32ud_core.lib(msw_textctrl.obj) : warning LNK4099: PDB '' was not found with 'wxmsw32ud_core.lib(msw_textctrl.obj)' or at ''; linking object as if no debug info
wxmsw32ud_core.lib(msw_slider.obj) : warning LNK4099: PDB '' was not found with 'wxmsw32ud_core.lib(msw_slider.obj)' or at ''; linking object as if no debug info
wxmsw32ud_core.lib(slidercmn.obj) : warning LNK4099: PDB '' was not found with 'wxmsw32ud_core.lib(slidercmn.obj)' or at ''; linking object as if no debug info
wxmsw32ud_core.lib(msw_combobox.obj) : warning LNK4099: PDB '' was not found with 'wxmsw32ud_core.lib(msw_combobox.obj)' or at ''; linking object as if no debug info
wxmsw32ud_core.lib(combocmn.obj) : warning LNK4099: PDB '' was not found with 'wxmsw32ud_core.lib(combocmn.obj)' or at ''; linking object as if no debug info
wxmsw32ud_core.lib(msw_spinbutt.obj) : warning LNK4099: PDB '' was not found with 'wxmsw32ud_core.lib(msw_spinbutt.obj)' or at ''; linking object as if no debug info
wxmsw32ud_core.lib(spinbtncmn.obj) : warning LNK4099: PDB '' was not found with 'wxmsw32ud_core.lib(spinbtncmn.obj)' or at ''; linking object as if no debug info
wxmsw32ud_core.lib(pen.obj) : warning LNK4099: PDB '' was not found with 'wxmsw32ud_core.lib(pen.obj)' or at ''; linking object as if no debug info
wxmsw32ud_core.lib(gdiplus.obj) : warning LNK4099: PDB '' was not found with 'wxmsw32ud_core.lib(gdiplus.obj)' or at ''; linking object as if no debug info
wxmsw32ud_core.lib(graphcmn.obj) : warning LNK4099: PDB '' was not found with 'wxmsw32ud_core.lib(graphcmn.obj)' or at ''; linking object as if no debug info
wxmsw32ud_core.lib(iconbndl.obj) : warning LNK4099: PDB '' was not found with 'wxmsw32ud_core.lib(iconbndl.obj)' or at ''; linking object as if no debug info
wxmsw32ud_core.lib(statusbar.obj) : warning LNK4099: PDB '' was not found with 'wxmsw32ud_core.lib(statusbar.obj)' or at ''; linking object as if no debug info
wxmsw32ud_core.lib(tbarbase.obj) : warning LNK4099: PDB '' was not found with 'wxmsw32ud_core.lib(tbarbase.obj)' or at ''; linking object as if no debug info
wxmsw32ud_core.lib(generic_statusbr.obj) : warning LNK4099: PDB '' was not found with 'wxmsw32ud_core.lib(generic_statusbr.obj)' or at ''; linking object as if no debug info
wxmsw32ud_core.lib(taskbarbutton.obj) : warning LNK4099: PDB '' was not found with 'wxmsw32ud_core.lib(taskbarbutton.obj)' or at ''; linking object as if no debug info
wxmsw32ud_core.lib(settcmn.obj) : warning LNK4099: PDB '' was not found with 'wxmsw32ud_core.lib(settcmn.obj)' or at ''; linking object as if no debug info
wxmsw32ud_core.lib(menuitem.obj) : warning LNK4099: PDB '' was not found with 'wxmsw32ud_core.lib(menuitem.obj)' or at ''; linking object as if no debug info
wxmsw32ud_core.lib(dataobj.obj) : warning LNK4099: PDB '' was not found with 'wxmsw32ud_core.lib(dataobj.obj)' or at ''; linking object as if no debug info
wxmsw32ud_core.lib(dobjcmn.obj) : warning LNK4099: PDB '' was not found with 'wxmsw32ud_core.lib(dobjcmn.obj)' or at ''; linking object as if no debug info
wxmsw32ud_core.lib(imaglist.obj) : warning LNK4099: PDB '' was not found with 'wxmsw32ud_core.lib(imaglist.obj)' or at ''; linking object as if no debug info
wxmsw32ud_core.lib(fldlgcmn.obj) : warning LNK4099: PDB '' was not found with 'wxmsw32ud_core.lib(fldlgcmn.obj)' or at ''; linking object as if no debug info
wxmsw32ud_core.lib(clipcmn.obj) : warning LNK4099: PDB '' was not found with 'wxmsw32ud_core.lib(clipcmn.obj)' or at ''; linking object as if no debug info
wxmsw32ud_core.lib(artprov.obj) : warning LNK4099: PDB '' was not found with 'wxmsw32ud_core.lib(artprov.obj)' or at ''; linking object as if no debug info
wxmsw32ud_core.lib(collpaneg.obj) : warning LNK4099: PDB '' was not found with 'wxmsw32ud_core.lib(collpaneg.obj)' or at ''; linking object as if no debug info
wxmsw32ud_core.lib(systhemectrl.obj) : warning LNK4099: PDB '' was not found with 'wxmsw32ud_core.lib(systhemectrl.obj)' or at ''; linking object as if no debug info
wxmsw32ud_core.lib(listctrlcmn.obj) : warning LNK4099: PDB '' was not found with 'wxmsw32ud_core.lib(listctrlcmn.obj)' or at ''; linking object as if no debug info
wxmsw32ud_core.lib(msw_listctrl.obj) : warning LNK4099: PDB '' was not found with 'wxmsw32ud_core.lib(msw_listctrl.obj)' or at ''; linking object as if no debug info
wxmsw32ud_core.lib(image.obj) : warning LNK4099: PDB '' was not found with 'wxmsw32ud_core.lib(image.obj)' or at ''; linking object as if no debug info
wxmsw32ud_core.lib(bmpbase.obj) : warning LNK4099: PDB '' was not found with 'wxmsw32ud_core.lib(bmpbase.obj)' or at ''; linking object as if no debug info
wxmsw32ud_core.lib(dib.obj) : warning LNK4099: PDB '' was not found with 'wxmsw32ud_core.lib(dib.obj)' or at ''; linking object as if no debug info
wxmsw32ud_core.lib(msgdlg.obj) : warning LNK4099: PDB '' was not found with 'wxmsw32ud_core.lib(msgdlg.obj)' or at ''; linking object as if no debug info
wxmsw32ud_core.lib(textdlgg.obj) : warning LNK4099: PDB '' was not found with 'wxmsw32ud_core.lib(textdlgg.obj)' or at ''; linking object as if no debug info
wxmsw32ud_core.lib(utilswin.obj) : warning LNK4099: PDB '' was not found with 'wxmsw32ud_core.lib(utilswin.obj)' or at ''; linking object as if no debug info
wxmsw32ud_core.lib(nbkbase.obj) : warning LNK4099: PDB '' was not found with 'wxmsw32ud_core.lib(nbkbase.obj)' or at ''; linking object as if no debug info
wxmsw32ud_core.lib(panelcmn.obj) : warning LNK4099: PDB '' was not found with 'wxmsw32ud_core.lib(panelcmn.obj)' or at ''; linking object as if no debug info
wxmsw32ud_core.lib(scrlwing.obj) : warning LNK4099: PDB '' was not found with 'wxmsw32ud_core.lib(scrlwing.obj)' or at ''; linking object as if no debug info
wxmsw32ud_core.lib(msw_statline.obj) : warning LNK4099: PDB '' was not found with 'wxmsw32ud_core.lib(msw_statline.obj)' or at ''; linking object as if no debug info
wxmsw32ud_core.lib(statlinecmn.obj) : warning LNK4099: PDB '' was not found with 'wxmsw32ud_core.lib(statlinecmn.obj)' or at ''; linking object as if no debug info
wxmsw32ud_core.lib(bookctrl.obj) : warning LNK4099: PDB '' was not found with 'wxmsw32ud_core.lib(bookctrl.obj)' or at ''; linking object as if no debug info
wxmsw32ud_core.lib(modalhook.obj) : warning LNK4099: PDB '' was not found with 'wxmsw32ud_core.lib(modalhook.obj)' or at ''; linking object as if no debug info
wxmsw32ud_core.lib(accelcmn.obj) : warning LNK4099: PDB '' was not found with 'wxmsw32ud_core.lib(accelcmn.obj)' or at ''; linking object as if no debug info
wxmsw32ud_core.lib(choicdgg.obj) : warning LNK4099: PDB '' was not found with 'wxmsw32ud_core.lib(choicdgg.obj)' or at ''; linking object as if no debug info
wxmsw32ud_core.lib(fontutil.obj) : warning LNK4099: PDB '' was not found with 'wxmsw32ud_core.lib(fontutil.obj)' or at ''; linking object as if no debug info
wxmsw32ud_core.lib(fontdata.obj) : warning LNK4099: PDB '' was not found with 'wxmsw32ud_core.lib(fontdata.obj)' or at ''; linking object as if no debug info
wxmsw32ud_core.lib(fontdlg.obj) : warning LNK4099: PDB '' was not found with 'wxmsw32ud_core.lib(fontdlg.obj)' or at ''; linking object as if no debug info
wxmsw32ud_core.lib(affinematrix2d.obj) : warning LNK4099: PDB '' was not found with 'wxmsw32ud_core.lib(affinematrix2d.obj)' or at ''; linking object as if no debug info
wxmsw32ud_core.lib(fontenumcmn.obj) : warning LNK4099: PDB '' was not found with 'wxmsw32ud_core.lib(fontenumcmn.obj)' or at ''; linking object as if no debug info
wxmsw32ud_core.lib(cmndata.obj) : warning LNK4099: PDB '' was not found with 'wxmsw32ud_core.lib(cmndata.obj)' or at ''; linking object as if no debug info
wxmsw32ud_core.lib(prntbase.obj) : warning LNK4099: PDB '' was not found with 'wxmsw32ud_core.lib(prntbase.obj)' or at ''; linking object as if no debug info
wxmsw32ud_core.lib(dcmemory.obj) : warning LNK4099: PDB '' was not found with 'wxmsw32ud_core.lib(dcmemory.obj)' or at ''; linking object as if no debug info
wxmsw32ud_core.lib(dcscreen.obj) : warning LNK4099: PDB '' was not found with 'wxmsw32ud_core.lib(dcscreen.obj)' or at ''; linking object as if no debug info
wxmsw32ud_core.lib(display.obj) : warning LNK4099: PDB '' was not found with 'wxmsw32ud_core.lib(display.obj)' or at ''; linking object as if no debug info
wxmsw32ud_core.lib(rendcmn.obj) : warning LNK4099: PDB '' was not found with 'wxmsw32ud_core.lib(rendcmn.obj)' or at ''; linking object as if no debug info
wxmsw32ud_core.lib(msw_bmpbuttn.obj) : warning LNK4099: PDB '' was not found with 'wxmsw32ud_core.lib(msw_bmpbuttn.obj)' or at ''; linking object as if no debug info
wxmsw32ud_core.lib(tipwin.obj) : warning LNK4099: PDB '' was not found with 'wxmsw32ud_core.lib(tipwin.obj)' or at ''; linking object as if no debug info
wxmsw32ud_core.lib(helpchm.obj) : warning LNK4099: PDB '' was not found with 'wxmsw32ud_core.lib(helpchm.obj)' or at ''; linking object as if no debug info
wxmsw32ud_core.lib(radiocmn.obj) : warning LNK4099: PDB '' was not found with 'wxmsw32ud_core.lib(radiocmn.obj)' or at ''; linking object as if no debug info
wxmsw32ud_core.lib(dndcmn.obj) : warning LNK4099: PDB '' was not found with 'wxmsw32ud_core.lib(dndcmn.obj)' or at ''; linking object as if no debug info
wxmsw32ud_core.lib(comimpl.obj) : warning LNK4099: PDB '' was not found with 'wxmsw32ud_core.lib(comimpl.obj)' or at ''; linking object as if no debug info
wxmsw32ud_core.lib(spinctrlcmn.obj) : warning LNK4099: PDB '' was not found with 'wxmsw32ud_core.lib(spinctrlcmn.obj)' or at ''; linking object as if no debug info
wxmsw32ud_core.lib(popupcmn.obj) : warning LNK4099: PDB '' was not found with 'wxmsw32ud_core.lib(popupcmn.obj)' or at ''; linking object as if no debug info
wxmsw32ud_core.lib(markupparser.obj) : warning LNK4099: PDB '' was not found with 'wxmsw32ud_core.lib(markupparser.obj)' or at ''; linking object as if no debug info
wxmsw32ud_core.lib(markuptext.obj) : warning LNK4099: PDB '' was not found with 'wxmsw32ud_core.lib(markuptext.obj)' or at ''; linking object as if no debug info
wxmsw32ud_core.lib(ownerdrwcmn.obj) : warning LNK4099: PDB '' was not found with 'wxmsw32ud_core.lib(ownerdrwcmn.obj)' or at ''; linking object as if no debug info
wxmsw32ud_core.lib(ownerdrw.obj) : warning LNK4099: PDB '' was not found with 'wxmsw32ud_core.lib(ownerdrw.obj)' or at ''; linking object as if no debug info
wxmsw32ud_core.lib(combo.obj) : warning LNK4099: PDB '' was not found with 'wxmsw32ud_core.lib(combo.obj)' or at ''; linking object as if no debug info
wxmsw32ud_core.lib(geometry.obj) : warning LNK4099: PDB '' was not found with 'wxmsw32ud_core.lib(geometry.obj)' or at ''; linking object as if no debug info
wxmsw32ud_core.lib(graphics.obj) : warning LNK4099: PDB '' was not found with 'wxmsw32ud_core.lib(graphics.obj)' or at ''; linking object as if no debug info
wxmsw32ud_core.lib(enhmeta.obj) : warning LNK4099: PDB '' was not found with 'wxmsw32ud_core.lib(enhmeta.obj)' or at ''; linking object as if no debug info
wxmsw32ud_core.lib(filedlg.obj) : warning LNK4099: PDB '' was not found with 'wxmsw32ud_core.lib(filedlg.obj)' or at ''; linking object as if no debug info
wxmsw32ud_core.lib(clipbrd.obj) : warning LNK4099: PDB '' was not found with 'wxmsw32ud_core.lib(clipbrd.obj)' or at ''; linking object as if no debug info
wxmsw32ud_core.lib(artmsw.obj) : warning LNK4099: PDB '' was not found with 'wxmsw32ud_core.lib(artmsw.obj)' or at ''; linking object as if no debug info
wxmsw32ud_core.lib(artstd.obj) : warning LNK4099: PDB '' was not found with 'wxmsw32ud_core.lib(artstd.obj)' or at ''; linking object as if no debug info
wxmsw32ud_core.lib(arttango.obj) : warning LNK4099: PDB '' was not found with 'wxmsw32ud_core.lib(arttango.obj)' or at ''; linking object as if no debug info
wxmsw32ud_core.lib(collheaderctrlg.obj) : warning LNK4099: PDB '' was not found with 'wxmsw32ud_core.lib(collheaderctrlg.obj)' or at ''; linking object as if no debug info
wxmsw32ud_core.lib(customdraw.obj) : warning LNK4099: PDB '' was not found with 'wxmsw32ud_core.lib(customdraw.obj)' or at ''; linking object as if no debug info
wxmsw32ud_core.lib(imagbmp.obj) : warning LNK4099: PDB '' was not found with 'wxmsw32ud_core.lib(imagbmp.obj)' or at ''; linking object as if no debug info
wxmsw32ud_core.lib(xpmdecod.obj) : warning LNK4099: PDB '' was not found with 'wxmsw32ud_core.lib(xpmdecod.obj)' or at ''; linking object as if no debug info
wxmsw32ud_core.lib(quantize.obj) : warning LNK4099: PDB '' was not found with 'wxmsw32ud_core.lib(quantize.obj)' or at ''; linking object as if no debug info
wxmsw32ud_core.lib(valtext.obj) : warning LNK4099: PDB '' was not found with 'wxmsw32ud_core.lib(valtext.obj)' or at ''; linking object as if no debug info
wxmsw32ud_core.lib(msw_notebook.obj) : warning LNK4099: PDB '' was not found with 'wxmsw32ud_core.lib(msw_notebook.obj)' or at ''; linking object as if no debug info
wxmsw32ud_core.lib(msw_checklst.obj) : warning LNK4099: PDB '' was not found with 'wxmsw32ud_core.lib(msw_checklst.obj)' or at ''; linking object as if no debug info
wxmsw32ud_core.lib(checklstcmn.obj) : warning LNK4099: PDB '' was not found with 'wxmsw32ud_core.lib(checklstcmn.obj)' or at ''; linking object as if no debug info
wxmsw32ud_core.lib(fontenum.obj) : warning LNK4099: PDB '' was not found with 'wxmsw32ud_core.lib(fontenum.obj)' or at ''; linking object as if no debug info
wxmsw32ud_core.lib(paper.obj) : warning LNK4099: PDB '' was not found with 'wxmsw32ud_core.lib(paper.obj)' or at ''; linking object as if no debug info
wxmsw32ud_core.lib(printwin.obj) : warning LNK4099: PDB '' was not found with 'wxmsw32ud_core.lib(printwin.obj)' or at ''; linking object as if no debug info
wxmsw32ud_core.lib(printdlg.obj) : warning LNK4099: PDB '' was not found with 'wxmsw32ud_core.lib(printdlg.obj)' or at ''; linking object as if no debug info
wxmsw32ud_core.lib(dcprint.obj) : warning LNK4099: PDB '' was not found with 'wxmsw32ud_core.lib(dcprint.obj)' or at ''; linking object as if no debug info
wxmsw32ud_core.lib(renderer.obj) : warning LNK4099: PDB '' was not found with 'wxmsw32ud_core.lib(renderer.obj)' or at ''; linking object as if no debug info
wxmsw32ud_core.lib(helpbase.obj) : warning LNK4099: PDB '' was not found with 'wxmsw32ud_core.lib(helpbase.obj)' or at ''; linking object as if no debug info
wxmsw32ud_core.lib(uuid.obj) : warning LNK4099: PDB '' was not found with 'wxmsw32ud_core.lib(uuid.obj)' or at ''; linking object as if no debug info
wxmsw32ud_core.lib(dcbufcmn.obj) : warning LNK4099: PDB '' was not found with 'wxmsw32ud_core.lib(dcbufcmn.obj)' or at ''; linking object as if no debug info
wxmsw32ud_core.lib(dirdlg.obj) : warning LNK4099: PDB '' was not found with 'wxmsw32ud_core.lib(dirdlg.obj)' or at ''; linking object as if no debug info
wxmsw32ud_core.lib(volume.obj) : warning LNK4099: PDB '' was not found with 'wxmsw32ud_core.lib(volume.obj)' or at ''; linking object as if no debug info
wxmsw32ud_core.lib(bmpsvg.obj) : warning LNK4099: PDB '' was not found with 'wxmsw32ud_core.lib(bmpsvg.obj)' or at ''; linking object as if no debug info
wxmsw32ud_core.lib(imagpng.obj) : warning LNK4099: PDB '' was not found with 'wxmsw32ud_core.lib(imagpng.obj)' or at ''; linking object as if no debug info
wxmsw32ud_core.lib(anidecod.obj) : warning LNK4099: PDB '' was not found with 'wxmsw32ud_core.lib(anidecod.obj)' or at ''; linking object as if no debug info
wxmsw32ud_core.lib(renderg.obj) : warning LNK4099: PDB '' was not found with 'wxmsw32ud_core.lib(renderg.obj)' or at ''; linking object as if no debug info
wxbase32ud.lib(powercmn.obj) : warning LNK4099: PDB '' was not found with 'wxbase32ud.lib(powercmn.obj)' or at ''; linking object as if no debug info
wxbase32ud.lib(clntdata.obj) : warning LNK4099: PDB '' was not found with 'wxbase32ud.lib(clntdata.obj)' or at ''; linking object as if no debug info
wxbase32ud.lib(mstream.obj) : warning LNK4099: PDB '' was not found with 'wxbase32ud.lib(mstream.obj)' or at ''; linking object as if no debug info
wxbase32ud.lib(stopwatch.obj) : warning LNK4099: PDB '' was not found with 'wxbase32ud.lib(stopwatch.obj)' or at ''; linking object as if no debug info
wxbase32ud.lib(datstrm.obj) : warning LNK4099: PDB '' was not found with 'wxbase32ud.lib(datstrm.obj)' or at ''; linking object as if no debug info
wxbase32ud.lib(volume.obj) : warning LNK4099: PDB '' was not found with 'wxbase32ud.lib(volume.obj)' or at ''; linking object as if no debug info
wxbase32ud.lib(extended.obj) : warning LNK4099: PDB '' was not found with 'wxbase32ud.lib(extended.obj)' or at ''; linking object as if no debug info
wxpngd.lib(pngread.obj) : warning LNK4099: PDB '' was not found with 'wxpngd.lib(pngread.obj)' or at ''; linking object as if no debug info
wxpngd.lib(pngwrite.obj) : warning LNK4099: PDB '' was not found with 'wxpngd.lib(pngwrite.obj)' or at ''; linking object as if no debug info
wxpngd.lib(pngset.obj) : warning LNK4099: PDB '' was not found with 'wxpngd.lib(pngset.obj)' or at ''; linking object as if no debug info
wxpngd.lib(png.obj) : warning LNK4099: PDB '' was not found with 'wxpngd.lib(png.obj)' or at ''; linking object as if no debug info
wxpngd.lib(pngrtran.obj) : warning LNK4099: PDB '' was not found with 'wxpngd.lib(pngrtran.obj)' or at ''; linking object as if no debug info
wxpngd.lib(pngtrans.obj) : warning LNK4099: PDB '' was not found with 'wxpngd.lib(pngtrans.obj)' or at ''; linking object as if no debug info
wxpngd.lib(pngwio.obj) : warning LNK4099: PDB '' was not found with 'wxpngd.lib(pngwio.obj)' or at ''; linking object as if no debug info
wxpngd.lib(pngrio.obj) : warning LNK4099: PDB '' was not found with 'wxpngd.lib(pngrio.obj)' or at ''; linking object as if no debug info
wxpngd.lib(pngget.obj) : warning LNK4099: PDB '' was not found with 'wxpngd.lib(pngget.obj)' or at ''; linking object as if no debug info
wxpngd.lib(pngmem.obj) : warning LNK4099: PDB '' was not found with 'wxpngd.lib(pngmem.obj)' or at ''; linking object as if no debug info
wxpngd.lib(pngerror.obj) : warning LNK4099: PDB '' was not found with 'wxpngd.lib(pngerror.obj)' or at ''; linking object as if no debug info
wxpngd.lib(pngrutil.obj) : warning LNK4099: PDB '' was not found with 'wxpngd.lib(pngrutil.obj)' or at ''; linking object as if no debug info
wxpngd.lib(pngwutil.obj) : warning LNK4099: PDB '' was not found with 'wxpngd.lib(pngwutil.obj)' or at ''; linking object as if no debug info
wxpngd.lib(pngwtran.obj) : warning LNK4099: PDB '' was not found with 'wxpngd.lib(pngwtran.obj)' or at ''; linking object as if no debug info
wxpngd.lib(intel_init.obj) : warning LNK4099: PDB '' was not found with 'wxpngd.lib(intel_init.obj)' or at ''; linking object as if no debug info
wxpngd.lib(filter_sse2_intrinsics.obj) : warning LNK4099: PDB '' was not found with 'wxpngd.lib(filter_sse2_intrinsics.obj)' or at ''; linking object as if no debug info
wxzlibd.lib(inflate.obj) : warning LNK4099: PDB '' was not found with 'wxzlibd.lib(inflate.obj)' or at ''; linking object as if no debug info
wxzlibd.lib(deflate.obj) : warning LNK4099: PDB '' was not found with 'wxzlibd.lib(deflate.obj)' or at ''; linking object as if no debug info
wxzlibd.lib(adler32.obj) : warning LNK4099: PDB '' was not found with 'wxzlibd.lib(adler32.obj)' or at ''; linking object as if no debug info
wxzlibd.lib(crc32.obj) : warning LNK4099: PDB '' was not found with 'wxzlibd.lib(crc32.obj)' or at ''; linking object as if no debug info
wxzlibd.lib(zutil.obj) : warning LNK4099: PDB '' was not found with 'wxzlibd.lib(zutil.obj)' or at ''; linking object as if no debug info
wxzlibd.lib(inftrees.obj) : warning LNK4099: PDB '' was not found with 'wxzlibd.lib(inftrees.obj)' or at ''; linking object as if no debug info
wxzlibd.lib(inffast.obj) : warning LNK4099: PDB '' was not found with 'wxzlibd.lib(inffast.obj)' or at ''; linking object as if no debug info
wxzlibd.lib(trees.obj) : warning LNK4099: PDB '' was not found with 'wxzlibd.lib(trees.obj)' or at ''; linking object as if no debug info
  StudentProject.vcxproj -> \\Mac\Home\Downloads\Repo\cos1-game-of-life-conway-s-game-of-life-04-25-GameofLifeTemplate\Student Project\x64\Debug\StudentProject.exe
